{
  "stats": {
    "suites": 1,
    "tests": 1,
    "passes": 0,
    "pending": 0,
    "failures": 1,
    "start": "2024-01-06T06:32:04.950Z",
    "end": "2024-01-06T06:32:31.761Z",
    "duration": 26811,
    "testsRegistered": 1,
    "passPercent": 0,
    "pendingPercent": 0,
    "other": 0,
    "hasOther": false,
    "skipped": 0,
    "hasSkipped": false
  },
  "results": [
    {
      "uuid": "8e01a9ac-2c86-4e18-8ecb-d7e6a5536c57",
      "title": "",
      "fullFile": "cypress/integration/examples/iframe.js",
      "file": "cypress/integration/examples/iframe.js",
      "beforeHooks": [],
      "afterHooks": [],
      "tests": [],
      "suites": [
        {
          "uuid": "87006301-4f3d-4495-a402-8ba907be461d",
          "title": "iframe handling test",
          "fullFile": "",
          "file": "",
          "beforeHooks": [],
          "afterHooks": [],
          "tests": [
            {
              "title": "should handle data inside frames",
              "fullTitle": "iframe handling test should handle data inside frames",
              "timedOut": null,
              "duration": 11346,
              "state": "failed",
              "speed": null,
              "pass": false,
              "fail": true,
              "pending": false,
              "context": null,
              "code": "cy.visit(Cypress.env('url') + \"/AutomationPractice/\");\ncy.frameLoaded('#courses-iframe');\ncy.iframe().find(\"a[href*='mentorship']\").eq(0).click();\ncy.iframe().find(\"h1[class*='pricing-title']\").should('have.length', '2');",
              "err": {
                "message": "CypressError: Timed out retrying after 6000ms: `cy.find()` failed because the page updated as a result of this command, but you tried to continue the command chain. The subject is no longer attached to the DOM, and Cypress cannot requery the page after commands such as `cy.find()`.\n\nCommon situations why this happens:\n  - Your JS framework re-rendered asynchronously\n  - Your app code reacted to an event firing and removed the element\n\nYou can typically solve this by breaking up a chain. For example, rewrite:\n\n> `cy.get('button').click().should('have.class', 'active')`\n\nto\n\n> `cy.get('button').as('btn').click()`\n> `cy.get('@btn').should('have.class', 'active')`\n\nhttps://on.cypress.io/element-has-detached-from-dom",
                "estack": "CypressError: Timed out retrying after 6000ms: `cy.find()` failed because the page updated as a result of this command, but you tried to continue the command chain. The subject is no longer attached to the DOM, and Cypress cannot requery the page after commands such as `cy.find()`.\n\nCommon situations why this happens:\n  - Your JS framework re-rendered asynchronously\n  - Your app code reacted to an event firing and removed the element\n\nYou can typically solve this by breaking up a chain. For example, rewrite:\n\n> `cy.get('button').click().should('have.class', 'active')`\n\nto\n\n> `cy.get('button').as('btn').click()`\n> `cy.get('@btn').should('have.class', 'active')`\n\nhttps://on.cypress.io/element-has-detached-from-dom\n    at isAttached (https://rahulshettyacademy.com/__cypress/runner/cypress_runner.js:145609:58)\n    at validateType (https://rahulshettyacademy.com/__cypress/runner/cypress_runner.js:145479:9)\n    at Object.isType (https://rahulshettyacademy.com/__cypress/runner/cypress_runner.js:145514:7)\n    at <unknown> (https://rahulshettyacademy.com/__cypress/runner/cypress_runner.js:135826:24)\n    at Object.subjectFn (https://rahulshettyacademy.com/__cypress/runner/cypress_runner.js:144467:16)\n    at $Cy.verifyUpcomingAssertions (https://rahulshettyacademy.com/__cypress/runner/cypress_runner.js:143811:31)\n    at onRetry (https://rahulshettyacademy.com/__cypress/runner/cypress_runner.js:144458:15)\n    at tryCatcher (https://rahulshettyacademy.com/__cypress/runner/cypress_runner.js:1807:23)\n    at Promise.attempt.Promise.try (https://rahulshettyacademy.com/__cypress/runner/cypress_runner.js:4315:29)\n    at whenStable (https://rahulshettyacademy.com/__cypress/runner/cypress_runner.js:144345:68)\n    at <unknown> (https://rahulshettyacademy.com/__cypress/runner/cypress_runner.js:144286:14)\n    at tryCatcher (https://rahulshettyacademy.com/__cypress/runner/cypress_runner.js:1807:23)\n    at Promise._settlePromiseFromHandler (https://rahulshettyacademy.com/__cypress/runner/cypress_runner.js:1519:31)\n    at Promise._settlePromise (https://rahulshettyacademy.com/__cypress/runner/cypress_runner.js:1576:18)\n    at Promise._settlePromise0 (https://rahulshettyacademy.com/__cypress/runner/cypress_runner.js:1621:10)\n    at Promise._settlePromises (https://rahulshettyacademy.com/__cypress/runner/cypress_runner.js:1701:18)\n    at Promise._fulfill (https://rahulshettyacademy.com/__cypress/runner/cypress_runner.js:1645:18)\n    at <unknown> (https://rahulshettyacademy.com/__cypress/runner/cypress_runner.js:5450:46)\nFrom Your Spec Code:\n    at Context.eval (cypress/integration/examples/iframe.js:15:55)",
                "diff": null
              },
              "uuid": "76172488-7375-4938-8af2-fcebb1033ee6",
              "parentUUID": "87006301-4f3d-4495-a402-8ba907be461d",
              "isHook": false,
              "skipped": false
            }
          ],
          "suites": [],
          "passes": [],
          "failures": [
            "76172488-7375-4938-8af2-fcebb1033ee6"
          ],
          "pending": [],
          "skipped": [],
          "duration": 11346,
          "root": false,
          "rootEmpty": false,
          "_timeout": 2000
        }
      ],
      "passes": [],
      "failures": [],
      "pending": [],
      "skipped": [],
      "duration": 0,
      "root": true,
      "rootEmpty": true,
      "_timeout": 2000
    }
  ],
  "meta": {
    "mocha": {
      "version": "7.0.1"
    },
    "mochawesome": {
      "options": {
        "quiet": false,
        "reportFilename": "mochawesome",
        "saveHtml": true,
        "saveJson": true,
        "consoleReporter": "spec",
        "useInlineDiffs": false,
        "code": true
      },
      "version": "7.1.3"
    },
    "marge": {
      "options": null,
      "version": "6.2.0"
    }
  }
}